<?xml version="1.0" encoding="UTF-8"?>
<!-- Generated by org.testng.reporters.JUnitReportReporter -->
<testsuite skipped="0" hostname="DESKTOP-F32IQAG" name="RestAssurtProject.RestAssurtProject.TC01_GET" tests="2" failures="0" timestamp="2020-05-25T13:39:24 EDT" time="3.469" errors="0">
  <testcase name="test_01" time="2.448" classname="RestAssurtProject.RestAssurtProject.TC01_GET"/>
  <system-out/>
  <testcase name="test_02" time="1.021" classname="RestAssurtProject.RestAssurtProject.TC01_GET"/>
  <system-out/>
</testsuite> <!-- RestAssurtProject.RestAssurtProject.TC01_GET -->
