<?xml version="1.0" encoding="UTF-8"?>
<!-- Generated by org.testng.reporters.JUnitReportReporter -->
<testsuite skipped="0" hostname="DESKTOP-F32IQAG" name="RestAssurtProject.RestAssurtProject.Test_Get" tests="1" failures="0" timestamp="2020-05-25T14:35:37 EDT" time="3.017" errors="0">
  <testcase name="test_1" time="3.017" classname="RestAssurtProject.RestAssurtProject.Test_Get"/>
  <system-out/>
</testsuite> <!-- RestAssurtProject.RestAssurtProject.Test_Get -->
